2021-03-03 10:37:29,079 INFO notifyConnectTimeout:200

2021-03-03 10:37:29,082 INFO notifySocketTimeout:8000

2021-03-03 10:37:29,082 INFO isHealthCheck:true

2021-03-03 10:37:29,082 INFO maxHealthCheckFailCount:12

2021-03-03 10:37:29,082 INFO maxContent:10485760

2021-03-03 10:37:30,922 INFO Schema 'NACOS' already exists.

2021-03-03 10:37:31,087 INFO Table/View 'CONFIG_INFO' already exists in Schema 'NACOS'.

2021-03-03 10:37:31,269 INFO Table/View 'HIS_CONFIG_INFO' already exists in Schema 'NACOS'.

2021-03-03 10:37:31,390 INFO Table/View 'CONFIG_INFO_BETA' already exists in Schema 'NACOS'.

2021-03-03 10:37:31,506 INFO Table/View 'CONFIG_INFO_TAG' already exists in Schema 'NACOS'.

2021-03-03 10:37:31,553 INFO Table/View 'CONFIG_INFO_AGGR' already exists in Schema 'NACOS'.

2021-03-03 10:37:31,603 INFO Table/View 'APP_LIST' already exists in Schema 'NACOS'.

2021-03-03 10:37:31,689 INFO Table/View 'APP_CONFIGDATA_RELATION_SUBS' already exists in Schema 'NACOS'.

2021-03-03 10:37:31,723 INFO Table/View 'APP_CONFIGDATA_RELATION_PUBS' already exists in Schema 'NACOS'.

2021-03-03 10:37:31,790 INFO Table/View 'CONFIG_TAGS_RELATION' already exists in Schema 'NACOS'.

2021-03-03 10:37:31,868 INFO Table/View 'GROUP_CAPACITY' already exists in Schema 'NACOS'.

2021-03-03 10:37:31,913 INFO Table/View 'TENANT_CAPACITY' already exists in Schema 'NACOS'.

2021-03-03 10:37:31,979 INFO Table/View 'TENANT_INFO' already exists in Schema 'NACOS'.

2021-03-03 10:37:32,068 INFO Table/View 'USERS' already exists in Schema 'NACOS'.

2021-03-03 10:37:32,134 INFO Table/View 'ROLES' already exists in Schema 'NACOS'.

2021-03-03 10:37:32,320 INFO The statement was aborted because it would have caused a duplicate key value in a unique or primary key constraint or unique index identified by 'SQL210223170218770' defined on 'USERS'.

2021-03-03 10:37:33,942 INFO ServerListService address-server port:8848

2021-03-03 10:37:33,942 INFO ADDRESS_SERVER_URL:http://jmenv.tbsite.net:8080/nacos/serverlist

2021-03-03 10:37:33,945 WARN [serverlist] updated to [192.168.122.1]

2021-03-03 10:37:34,106 WARN DumpService start

2021-03-03 10:37:34,109 INFO start clear all config-info.

2021-03-03 10:37:34,115 WARN clear all config-info failed.

2021-03-03 10:37:34,115 WARN clear all config-info-tenant failed.

2021-03-03 10:37:34,452 INFO [all-dump] 8 / 8

2021-03-03 10:37:34,456 INFO start clear all config-info-beta.

2021-03-03 10:37:34,456 WARN clear all config-info-beta failed.

2021-03-03 10:37:34,456 WARN clear all config-info-beta-tenant failed.

2021-03-03 10:37:34,498 INFO start clear all config-info-tag.

2021-03-03 10:37:34,499 WARN clear all config-info-tag failed.

2021-03-03 10:37:34,499 WARN clear all config-info-tag-tenant failed.

