2021-03-03 10:38:04,606 INFO PERFORMANCE:|0|0|-1|-1

2021-03-03 10:43:05,016 INFO PERFORMANCE:|1|1|-1|-1

2021-03-03 10:48:05,029 INFO PERFORMANCE:|1|1|-1|-1

2021-03-03 10:53:05,032 INFO PERFORMANCE:|1|1|-1|-1

2021-03-03 10:58:05,040 INFO PERFORMANCE:|1|1|-1|-1

2021-03-03 11:03:05,044 INFO PERFORMANCE:|1|1|-1|-1

2021-03-03 11:08:05,052 INFO PERFORMANCE:|1|1|-1|-1

2021-03-03 11:13:05,055 INFO PERFORMANCE:|1|1|-1|-1

2021-03-03 11:18:05,062 INFO PERFORMANCE:|1|1|-1|-1

2021-03-03 11:23:05,074 INFO PERFORMANCE:|1|1|-1|-1

2021-03-03 11:28:05,089 INFO PERFORMANCE:|1|1|-1|-1

2021-03-03 15:00:13,845 INFO PERFORMANCE:|0|0|-1|-1

2021-03-03 15:05:13,849 INFO PERFORMANCE:|0|0|-1|-1

2021-03-03 15:10:13,854 INFO PERFORMANCE:|1|1|-1|-1

2021-03-03 15:15:13,861 INFO PERFORMANCE:|1|1|-1|-1

2021-03-03 15:20:13,869 INFO PERFORMANCE:|1|1|-1|-1

2021-03-03 15:25:13,884 INFO PERFORMANCE:|1|1|-1|-1

2021-03-03 15:30:13,893 INFO PERFORMANCE:|1|1|-1|-1

2021-03-03 15:35:13,901 INFO PERFORMANCE:|1|1|-1|-1

2021-03-03 15:40:13,909 INFO PERFORMANCE:|1|1|-1|-1

2021-03-03 15:45:13,923 INFO PERFORMANCE:|1|1|-1|-1

2021-03-03 15:50:13,929 INFO PERFORMANCE:|1|1|-1|-1

2021-03-03 15:55:13,937 INFO PERFORMANCE:|1|1|-1|-1

2021-03-03 16:00:13,947 INFO PERFORMANCE:|1|1|-1|-1

2021-03-03 16:05:13,962 INFO PERFORMANCE:|1|1|-1|-1

2021-03-03 16:10:13,973 INFO PERFORMANCE:|1|1|-1|-1

2021-03-03 16:15:13,974 INFO PERFORMANCE:|1|1|-1|-1

2021-03-03 16:20:13,978 INFO PERFORMANCE:|1|1|-1|-1

2021-03-03 16:25:13,991 INFO PERFORMANCE:|1|1|-1|-1

2021-03-03 16:30:14,001 INFO PERFORMANCE:|1|1|-1|-1

2021-03-03 16:35:14,003 INFO PERFORMANCE:|1|1|-1|-1

2021-03-03 16:40:14,007 INFO PERFORMANCE:|1|1|-1|-1

2021-03-03 16:45:14,011 INFO PERFORMANCE:|1|1|-1|-1

2021-03-03 16:50:14,014 INFO PERFORMANCE:|1|1|-1|-1

2021-03-03 16:55:14,017 INFO PERFORMANCE:|1|1|-1|-1

2021-03-03 17:00:14,030 INFO PERFORMANCE:|1|1|-1|-1

2021-03-03 17:05:14,035 INFO PERFORMANCE:|1|1|-1|-1

2021-03-03 17:10:14,052 INFO PERFORMANCE:|1|1|-1|-1

2021-03-03 17:15:14,065 INFO PERFORMANCE:|1|1|-1|-1

2021-03-03 17:20:14,079 INFO PERFORMANCE:|1|1|-1|-1

2021-03-03 17:25:14,092 INFO PERFORMANCE:|1|1|-1|-1

2021-03-03 17:30:14,095 INFO PERFORMANCE:|1|1|-1|-1

2021-03-03 17:35:14,108 INFO PERFORMANCE:|1|1|-1|-1

2021-03-03 17:40:14,124 INFO PERFORMANCE:|1|1|-1|-1

2021-03-03 17:45:14,126 INFO PERFORMANCE:|1|1|-1|-1

2021-03-03 17:50:14,138 INFO PERFORMANCE:|1|1|-1|-1

2021-03-03 17:55:14,138 INFO PERFORMANCE:|1|1|-1|-1

2021-03-03 18:00:14,146 INFO PERFORMANCE:|1|1|-1|-1

